kazuyoshimatsuoka@MacBookPro31421103 ~ % ccd .ssh
%                                                                                kazuyoshimatsuoka@MacBookPro31421103 .ssh % lls
configknown_hostsknown_hosts.old
%                                                                                kazuyoshimatsuoka@MacBookPro31421103 .ssh % sssh-keygen  -t rsa
Generating public/private rsa key pair.
Enter file in which to save the key (/Users/kazuyoshimatsuoka/.ssh/id_rsa): ^M^?s^?^M^?stty sane^M^?^?^?^H^C^?^?^?^M^?^?^M

Last login: Sun May  8 13:13:20 on ttys001
kazuyoshimatsuoka@MacBookPro31421103 ~ % cd .ssh
kazuyoshimatsuoka@MacBookPro31421103 .ssh % ls
config		known_hosts	known_hosts.old
kazuyoshimatsuoka@MacBookPro31421103 .ssh % 
kazuyoshimatsuoka@MacBookPro31421103 .ssh % 
kazuyoshimatsuoka@MacBookPro31421103 .ssh % ssh-keygen -t rsa
Generating public/private rsa key pair.
Enter file in which to save the key (/Users/kazuyoshimatsuoka/.ssh/id_rsa): 
Enter passphrase (empty for no passphrase): 
Enter same passphrase again: 
Your identification has been saved in /Users/kazuyoshimatsuoka/.ssh/id_rsa
Your public key has been saved in /Users/kazuyoshimatsuoka/.ssh/id_rsa.pub
The key fingerprint is:
SHA256:uWddpr1cgL/mCg3Cacmhqe6OXe4vOM35S16u1SPD+TQ kazuyoshimatsuoka@MacBookPro31421103.local
The key's randomart image is:
+---[RSA 3072]----+
|                 |
|                 |
|        .        |
|       = =   .   |
|      o S . . +  |
|     . . + * * . |
|    .+..o @ E o .|
|   +oo=o * * +.+ |
|  .o=oo+*o. o+=  |
+----[SHA256]-----+
kazuyoshimatsuoka@MacBookPro31421103 .ssh % 
kazuyoshimatsuoka@MacBookPro31421103 .ssh % 
kazuyoshimatsuoka@MacBookPro31421103 .ssh % ls
config		id_rsa		id_rsa.pub	known_hosts	known_hosts.old
kazuyoshimatsuoka@MacBookPro31421103 .ssh % 
kazuyoshimatsuoka@MacBookPro31421103 .ssh % 
kazuyoshimatsuoka@MacBookPro31421103 .ssh % scp id_rsa.pub pi@192.168.2.211:.ssh
pi@192.168.2.211's password: 
id_rsa.pub                                    100%  596   127.1KB/s   00:00    
kazuyoshimatsuoka@MacBookPro31421103 .ssh % 
kazuyoshimatsuoka@MacBookPro31421103 .ssh % 
kazuyoshimatsuoka@MacBookPro31421103 .ssh % ssh pi@192.168.2.211:.ssh
ssh: Could not resolve hostname 192.168.2.211:.ssh: nodename nor servname provided, or not known
kazuyoshimatsuoka@MacBookPro31421103 .ssh % ssh pi@192.168.2.211     
pi@192.168.2.211's password: 
Linux rp3b-01 5.10.63-v7+ #1496 SMP Wed Dec 1 15:58:11 GMT 2021 armv7l

The programs included with the Debian GNU/Linux system are free software;
the exact distribution terms for each program are described in the
individual files in /usr/share/doc/*/copyright.

Debian GNU/Linux comes with ABSOLUTELY NO WARRANTY, to the extent
permitted by applicable law.
Last login: Sat May  7 18:22:22 2022 from 192.168.1.15
pi@rp3b-01:~ $ 
pi@rp3b-01:~ $ 
pi@rp3b-01:~ $ cd .ssh
pi@rp3b-01:~/.ssh $ ls
id_rsa.pub
pi@rp3b-01:~/.ssh $ 
pi@rp3b-01:~/.ssh $ 
pi@rp3b-01:~/.ssh $ cat id_rsa.pub >> authorized_keys
pi@rp3b-01:~/.ssh $ 
pi@rp3b-01:~/.ssh $ 
pi@rp3b-01:~/.ssh $ cd ..
pi@rp3b-01:~ $ chmod 700 .ssh
pi@rp3b-01:~ $ 
pi@rp3b-01:~ $ chmod 600 .ssh/authorized_keys
pi@rp3b-01:~ $ 
pi@rp3b-01:~ $ 
pi@rp3b-01:~ $ rm .ssh/id_rsa.pub 
pi@rp3b-01:~ $ 
pi@rp3b-01:~ $ ls .ssh 
authorized_keys
pi@rp3b-01:~ $ 
pi@rp3b-01:~ $ 
pi@rp3b-01:~ $ sudo nano /etc/ssh/sshd_config
pi@rp3b-01:~ $ sudo nano /etc/ssh/sshd_config
pi@rp3b-01:~ $ 
pi@rp3b-01:~ $ 
pi@rp3b-01:~ $ cp /etc/ssh/sshd_config /etc/ssh/sshd_config.bak
cp: 通常ファイル '/etc/ssh/sshd_config.bak' を作成できません: 許可がありません
pi@rp3b-01:~ $ sodo cp /etc/ssh/sshd_config /etc/ssh/sshd_config.bak
-bash: sodo: コマンドが見つかりません
pi@rp3b-01:~ $ su -
パスワード:
root@rp3b-01:~# 
root@rp3b-01:~# 
root@rp3b-01:~#  cp /etc/ssh/sshd_config /etc/ssh/sshd_config.bak
root@rp3b-01:~# exit
ログアウト
pi@rp3b-01:~ $ ls .ssh 
authorized_keys
pi@rp3b-01:~ $ ls /etc/ssh/
moduli      ssh_host_dsa_key      ssh_host_ecdsa_key      ssh_host_ed25519_key      ssh_host_rsa_key      ssh_import_id  sshd_config.bak
ssh_config  ssh_host_dsa_key.pub  ssh_host_ecdsa_key.pub  ssh_host_ed25519_key.pub  ssh_host_rsa_key.pub  sshd_config
pi@rp3b-01:~ $ 
pi@rp3b-01:~ $ 
pi@rp3b-01:~ $ sudo nano /etc/ssh/sshd_config
pi@rp3b-01:~ $ 
