Last login: Fri May 13 10:05:18 on ttys000
kazuyoshimatsuoka@MacBookPro31421103 ~ % ssh pi@192.168.2.211
Enter passphrase for key '/Users/kazuyoshimatsuoka/.ssh/id_rsa': 
Linux rp3b-01 5.10.63-v7+ #1496 SMP Wed Dec 1 15:58:11 GMT 2021 armv7l

The programs included with the Debian GNU/Linux system are free software;
the exact distribution terms for each program are described in the
individual files in /usr/share/doc/*/copyright.

Debian GNU/Linux comes with ABSOLUTELY NO WARRANTY, to the extent
permitted by applicable law.
Last login: Thu May 12 17:02:49 2022 from 192.168.1.31
pi@rp3b-01:~ $ 
pi@rp3b-01:~ $ 
pi@rp3b-01:~ $ su -
パスワード:
root@rp3b-01:~# 
root@rp3b-01:~# 
root@rp3b-01:~# exit
ログアウト
pi@rp3b-01:~ $ exit
ログアウト
Connection to 192.168.2.211 closed.
kazuyoshimatsuoka@MacBookPro31421103 ~ % 
kazuyoshimatsuoka@MacBookPro31421103 ~ % 
kazuyoshimatsuoka@MacBookPro31421103 ~ % ssh -i .ssh/id_rsa -p 22 pi@192.168.2.211
Enter passphrase for key '.ssh/id_rsa': 

kazuyoshimatsuoka@MacBookPro31421103 ~ % 
kazuyoshimatsuoka@MacBookPro31421103 ~ % 
kazuyoshimatsuoka@MacBookPro31421103 ~ % ssh -i .ssh/id_rsa -p 22 pi@192.168.2.211
Enter passphrase for key '.ssh/id_rsa': 

kazuyoshimatsuoka@MacBookPro31421103 ~ % 
kazuyoshimatsuoka@MacBookPro31421103 ~ % 
kazuyoshimatsuoka@MacBookPro31421103 ~ % ssh -i .ssh/id_rsa -p 22 pi@192.168.2.211
Enter passphrase for key '.ssh/id_rsa': 
Linux rp3b-01 5.10.63-v7+ #1496 SMP Wed Dec 1 15:58:11 GMT 2021 armv7l

The programs included with the Debian GNU/Linux system are free software;
the exact distribution terms for each program are described in the
individual files in /usr/share/doc/*/copyright.

Debian GNU/Linux comes with ABSOLUTELY NO WARRANTY, to the extent
permitted by applicable law.
Last login: Sat May 14 11:25:20 2022 from 192.168.1.15
pi@rp3b-01:~ $ 
pi@rp3b-01:~ $ 
pi@rp3b-01:~ $ exit
ログアウト
Connection to 192.168.2.211 closed.
kazuyoshimatsuoka@MacBookPro31421103 ~ % 
kazuyoshimatsuoka@MacBookPro31421103 ~ % 
kazuyoshimatsuoka@MacBookPro31421103 ~ % ssh -i .ssh/id_rsa -p 22 pi@192.168.2.211
Enter passphrase for key '.ssh/id_rsa': 
Linux rp3b-01 5.10.63-v7+ #1496 SMP Wed Dec 1 15:58:11 GMT 2021 armv7l

The programs included with the Debian GNU/Linux system are free software;
the exact distribution terms for each program are described in the
individual files in /usr/share/doc/*/copyright.

Debian GNU/Linux comes with ABSOLUTELY NO WARRANTY, to the extent
permitted by applicable law.
Last login: Sat May 14 11:33:04 2022 from 192.168.1.15
pi@rp3b-01:~ $ cd .ssh/
pi@rp3b-01:~/.ssh $ ls
authorized_keys
pi@rp3b-01:~/.ssh $ exit
ログアウト
Connection to 192.168.2.211 closed.
kazuyoshimatsuoka@MacBookPro31421103 ~ % 
kazuyoshimatsuoka@MacBookPro31421103 ~ % ssh -i .ssh/id_rsa -p 22 pi@192.168.2.211
Enter passphrase for key '.ssh/id_rsa': 
Connection closed by 192.168.2.211 port 22
kazuyoshimatsuoka@MacBookPro31421103 ~ % 
kazuyoshimatsuoka@MacBookPro31421103 ~ % 
kazuyoshimatsuoka@MacBookPro31421103 ~ % ssh -i .ssh/id_rsa -p 22 pi@192.168.2.211
Enter passphrase for key '.ssh/id_rsa': 
Linux rp3b-01 5.10.63-v7+ #1496 SMP Wed Dec 1 15:58:11 GMT 2021 armv7l

The programs included with the Debian GNU/Linux system are free software;
the exact distribution terms for each program are described in the
individual files in /usr/share/doc/*/copyright.

Debian GNU/Linux comes with ABSOLUTELY NO WARRANTY, to the extent
permitted by applicable law.
Last login: Sat May 14 13:46:33 2022 from 192.168.1.15
pi@rp3b-01:~ $ 
pi@rp3b-01:~ $ 
pi@rp3b-01:~ $ su -
パスワード:
root@rp3b-01:~# 
root@rp3b-01:~# 
root@rp3b-01:~# exit
ログアウト
pi@rp3b-01:~ $ exit
ログアウト
Connection to 192.168.2.211 closed.
kazuyoshimatsuoka@MacBookPro31421103 ~ % 
kazuyoshimatsuoka@MacBookPro31421103 ~ % 
kazuyoshimatsuoka@MacBookPro31421103 ~ % ssh -i .ssh/id_rsa -p 22 pi@192.168.2.211
Enter passphrase for key '.ssh/id_rsa': 
Linux rp3b-01 5.10.63-v7+ #1496 SMP Wed Dec 1 15:58:11 GMT 2021 armv7l

The programs included with the Debian GNU/Linux system are free software;
the exact distribution terms for each program are described in the
individual files in /usr/share/doc/*/copyright.

Debian GNU/Linux comes with ABSOLUTELY NO WARRANTY, to the extent
permitted by applicable law.
Last login: Sat May 14 13:54:53 2022 from 192.168.1.15
pi@rp3b-01:~ $ 
pi@rp3b-01:~ $ exit
ログアウト
Connection to 192.168.2.211 closed.
kazuyoshimatsuoka@MacBookPro31421103 ~ % 
kazuyoshimatsuoka@MacBookPro31421103 ~ % 
kazuyoshimatsuoka@MacBookPro31421103 ~ % ssh -i .ssh/id_rsa -p 22 pi@192.168.2.211
Enter passphrase for key '.ssh/id_rsa': 
Linux rp3b-01 5.10.63-v7+ #1496 SMP Wed Dec 1 15:58:11 GMT 2021 armv7l

The programs included with the Debian GNU/Linux system are free software;
the exact distribution terms for each program are described in the
individual files in /usr/share/doc/*/copyright.

Debian GNU/Linux comes with ABSOLUTELY NO WARRANTY, to the extent
permitted by applicable law.
Last login: Sat May 14 14:00:12 2022 from 192.168.1.15
pi@rp3b-01:~ $ 
pi@rp3b-01:~ $ 
pi@rp3b-01:~ $ Connection to 192.168.2.211 closed by remote host.
Connection to 192.168.2.211 closed.
kazuyoshimatsuoka@MacBookPro31421103 ~ % 
kazuyoshimatsuoka@MacBookPro31421103 ~ % 
kazuyoshimatsuoka@MacBookPro31421103 ~ % ssh -i .ssh/id_rsa -p 22 pi@192.168.2.211
Enter passphrase for key '.ssh/id_rsa': 

kazuyoshimatsuoka@MacBookPro31421103 ~ % 
kazuyoshimatsuoka@MacBookPro31421103 ~ % 
kazuyoshimatsuoka@MacBookPro31421103 ~ % ssh-agent 
SSH_AUTH_SOCK=/var/folders/lb/q_2tjdk573566g1gchcskmnc0000gn/T//ssh-u95goCqOPsdN/agent.24370; export SSH_AUTH_SOCK;
SSH_AGENT_PID=24371; export SSH_AGENT_PID;
echo Agent pid 24371;
kazuyoshimatsuoka@MacBookPro31421103 ~ % vim ~/.bashrc
kazuyoshimatsuoka@MacBookPro31421103 ~ % ls
Applications	Documents	Library		Music		Public
Desktop		Downloads	Movies		Pictures
kazuyoshimatsuoka@MacBookPro31421103 ~ % ls -a
.			.ssh			Documents
..			.viminfo		Downloads
.CFUserTextEncoding	.vscode			Library
.DS_Store		.wine			Movies
.Trash			.zprofile		Music
.Xauthority		.zsh_history		Pictures
.cache			.zsh_sessions		Public
.config			Applications
.cups			Desktop
kazuyoshimatsuoka@MacBookPro31421103 ~ % ls -l
total 0
drwx------@  5 kazuyoshimatsuoka  staff   160  4 22 16:33 Applications
drwx------@ 10 kazuyoshimatsuoka  staff   320  5  9 10:09 Desktop
drwx------@ 18 kazuyoshimatsuoka  staff   576  4 21 21:26 Documents
drwx------@  9 kazuyoshimatsuoka  staff   288  5 15 09:06 Downloads
drwx------@ 92 kazuyoshimatsuoka  staff  2944  5  5 17:06 Library
drwx------@  5 kazuyoshimatsuoka  staff   160  4 16 17:19 Movies
drwx------@  5 kazuyoshimatsuoka  staff   160  4 16 17:19 Music
drwx------@  7 kazuyoshimatsuoka  staff   224  5 13 17:55 Pictures
drwxr-x---+  5 kazuyoshimatsuoka  staff   160  4 11 18:38 Public
kazuyoshimatsuoka@MacBookPro31421103 ~ % 
kazuyoshimatsuoka@MacBookPro31421103 ~ % 
kazuyoshimatsuoka@MacBookPro31421103 ~ % cd ../
kazuyoshimatsuoka@MacBookPro31421103 /Users % cd /
kazuyoshimatsuoka@MacBookPro31421103 / % ls
AppleInternal	Users		dev		private		var
Applications	Volumes		etc		sbin
Library		bin		home		tmp
System		cores		opt		usr
kazuyoshimatsuoka@MacBookPro31421103 / % cd bin
kazuyoshimatsuoka@MacBookPro31421103 /bin % ls
[		dd		launchctl	pwd		test
bash		df		link		rm		unlink
cat		echo		ln		rmdir		wait4path
chmod		ed		ls		sh		zsh
cp		expr		mkdir		sleep
csh		hostname	mv		stty
dash		kill		pax		sync
date		ksh		ps		tcsh
kazuyoshimatsuoka@MacBookPro31421103 /bin % 
kazuyoshimatsuoka@MacBookPro31421103 /bin % 
kazuyoshimatsuoka@MacBookPro31421103 /bin % cd hostname 
cd: not a directory: hostname
kazuyoshimatsuoka@MacBookPro31421103 /bin % cat hostname 
????@
     ?
      ???@?????? H__PAGEZERO(__TEXT@@__text__TEXT=P=?__stubs__TEXTn>6n?__stub_helper__TEXT?>j?>?__const__TEXT?J?__cstring__TEXTZ?KZ?__unwind_info__TEXT??P???__DATA_CONST@@@@__got__DATA_CONST@@	?__DATA?@?@__la_symbol_ptr__DATA?H?
                                                                           __data__DATAHH?H__LINKEDIT????K"??08???? ?? ??
                                         P
                                          ?? 
                                             /usr/lib/dyld?$<B4#?????P|2 

                                                                         ?*??(?=
                                                                               8d/usr/lib/libSystem.B.dylib&?)????IUH??AWAVAUATSH?I????E1?L?=E1??L??L???5??ft??dt
A???A??׃??uH??Hc)Ã?E????D ??u?I??H??u<H???????H??????uCA??tPH??????H?߾.??H??t[??VH???H?߉????tHH?5f?H?5i?1??aE??tL??????L???.?rH?XH??ID?H???S1??4UH??H??HH?=!?.?????%?A?%?A?%?A?%?A?%?A?%?A?%?A?%?A?%?AL??AAS?%]?h?????h
                                                       ?????h?????h%?????h8????hF????hR????he????hs????@(#)PROGRAM:hostname  PROJECT:shell_cmds-240.100.15
33333n@$FreeBSD$fsdsethostnamegethostnameusage: hostname [-f] [-s | -d] [name-of-host]
=44o>4
      "?X?>?>?>?>?>?>?>?>?#Y@___stderrpQr?@_optind?@dyld_stub_binder?s@_err?@_exit?s@_fwrite?s@_gethostname?s @_getopt?s(@_puts?s0@_sethostname?s8@_strchr?s@@_strlen?__mh_execute_header?z??<BEa#(.6CKSYfnv	


	


__mh_execute_header___stderrp_err_exit_fwrite_gethostname_getopt_optind_puts_sethostname_strchr_strlendyld_stub_binderradr://5614542??
                                                      ?$o???
??                                                          K?X
@com.apple.hostname??f??????xڡwDG7ݶ????$wG????]??\\??????Ug?9۶Ha???k?V?C???Xo??f????kOX?|?|z?ڽ?H?,????Xo??f????kOX?|?|z?ڽ?H?,??k#3=\?WP%SI6:??S????7?!????????Xo??f????kOX?|?|z?ڽ?H?,????Xo??f????kOX?|?|z?ڽ?H?,????Xo??f????kOX?|?|z?ڽ?H?,????Xo??f????kOX?|?|z?ڽ?H?,????
                          ?y-hD?G??	?e{y.?
<C?????????Xo??f????kOX?|?|z?ڽ?H?,????Xo??f????kOX?|?|z?ڽ?H?,????Xo??f????kOX?|?|z?ڽ?H?,?z^f??????r????J?????x???`?`???
                                       D??
                                          0com.apple.hostname??
0b10???!*?H???  *?H??                                          b0?	*?H??
   0	UUS10U

Apple Inc.1&0$U
261024173941Z01Apple Certification Authority10U
               0	UUS10U


Apple Inc.1&0$U

               Apple Certification Authority1301U
                                                 *Apple Code Signing Certificati?0?Autho*?H???"0
???q??
??]kY?Z?????9?#59H?!?'?? ?dk
                            ???P??[?]?Te?s/b?8?drm|iGa?&???,$?j????̬)L?Iy?uv?????LSx??v????2ʑ?????9????j??f? K?;-???Ɉ-i¤*a/ۇ?!?L????-?r?n????̣@??Q????-???YN]e3'?g??$?Ǉy?]????>?H?$?m?0????ȧ???#?8?_a?????0??0U??0U%
                                                  0
+0U?0?0U?i??wBN?VB?Q??? ?	0U#0?+?iG?v	??k?.@??G^06U/0-0+?)?'?%http://w?ps??Rj?ީ*ѝv??i?????+??]p??<ZHG?9l??s?b:ʣZ??%J???s?s]???~??????Xn????O??????r2??'ިә?j??a?O??g?0??
??D?????yA???kg|?lI?L??jn??\8?0??0?g(??yڟ?;Qb;"?~S|
                                                   ??M?ID??:[??鲷[R???X?r??̳?P???018?{y1?*?H???m????/?oR????D?p??&w?0??0??d????9?0
  0	UUS10U


Apple Inc.1&0$U

               Apple Certification Authority1301U
                                                 *Apple Code Signing Certificati261024173941Z0V1
                0	UUS10U


Apple Inc.10U

             Apple Software10U
?0?     *?H??                 Software Signing0?"0
??0?t?O?
        ??n1Tm	?<??9???`"]?䄢@A?d?`=?a?R?E'?,d???$
R:???Ax????x%???A??5?Q\??ѝq{?ɪK??ڏ?)?/?o??e??j?=hm?x¥/?2?~?]\?> ^????MA?J?k?EP?L?9_0???[0?W09????TR??/#Ve??*?Q?#?????՚??_??Glu?????z??bAt??4??Ztd9?Yn?,?`?)<??O_
            U?00U#0??i??wBN?VB?Q??? ?	0??U ??0??0??	*?H??cd0{0+0m
                                                                     kThis certificate is to be used exclusively for functions internal to Apple Products and/or Apple processes.0U%?
                     0
+05U.0,0*?(?&?$http://crl.apple.com/codesigning.crl0U??>J?.??ՠ?]???h50U??0	*?????6??f?s?#s????Z^?0O?%`?I1	R6??nJfW?U?????u?[?e??(??iJɩ??  ??~?bA?????H?q????>??>??g??؝:????I???:?M},?}Č?[d??o\5?^O??Nף??}????_7?$E??????L4????QX3`o??όV3u0b1kM??T*?H??k??U?xN???Xo?Q??UA?iUܣ???4?Lڂ??B?2?7??????5?rV?0??0???0
   0	UUS10U

Apple Inc.1&0$U
350209214036Z0b1pple Certification Authority10U
                0	UUS10U

Apple Inc.1&0$U
?0?le Ro*?H??0?"0ple Certification Authority10U
?䑩	??GP??^y?-?6?WLU????Kl??"0?>?P	?A?????f?$kУ????z
                                                         ?G?[?73??M?i??r?]?_??%??d5#KY???????P??XPg? ?ˬ, op??0??C??=?+I(??ε??^??=?:???
?b??q?GSU??/A????p??LE~LkP?A??tb                      ?!.t?<
                                ?A?3???0X?Z2?h???es?g^e?I?v?3e?w??-??z0?v0U?0U?0?0U+?iG?v	??k?.@??G^0U#0?+?iG?v	??k?.@??G^0?U 0?0?	*?H??cd0??0+https://www.apple.com/appleca/0?+0????Reliance on this certificate by any party assumes acceptance of the then applicable standard terms and conditions of use, cert?\6?L-x?팛??w??v?w0O????=G7?@?,Ա?ؾ?s???d?yO4آ>?x?k??}9??S ?8ı??O
k?+?Y?	|@Vtӷ?#;G??o$??ѷp?E?'??mx????~"5?%???kԢ$#????s?`?	/???DH?`8??=&g ?????/?Sj[d?c3w?:,V??!ںsO??6??U٧??2B???q?~?R??B$*??M?^c?K?P???????	7?uu!1??0??0??01
        0	UUS10U


Apple Inc.1&0$U

               Apple Certification Authority1301U
                                                 *Apple Code Signing Certification Autho1?He???09?0     *?H??
220212091" B?-??Չ??-?L5????v?|?a?U??eb7
                                       0<	*?H??cd	1/0-	`?He B?-??Չ??-?L5????v?|?a?U??eb7
                 0?)	*?H??cd	1??<?xml version="1.0" encoding="UTF-8"?>
<!DOCTYPE plist PUBLIC "-//Apple//DTD PLIST 1.0//EN" "http://www.apple.com/DTDs/PropertyList-1.0.dtd">
<plist version="1.0">
<dict>
	<key>cdhashes</key>
	<array>
		<data>
		Qt0tpNTVibXiLahMNbfk5up22Bk=
		</data>
	</array>
</dict>
</plist>
0       *?H??
????3?>?P??%GJ?????P?1??0??-?`??-Q??q	!?٘T%?Tz??????Zu??kɛA:?9???^n?`??<??=M?}?7???1Ȍ6?(?]#[??>??z
                   ?=;?Cl	?o}??
                                     ?I??<&? ?~΋??ę?ɠ???ro	vE?7???? ֖Y???s0Y?d?c?????%?A?hC???#?:?ŗ?3$???@?CN?fIBC???G,I?k?H?
                                                 J??		??`r?ګ3*JM????
                                                                              ??? H__PAGEZERO?__TEXT@@__text__TEXT=p=?__auth_stubs__TEXT?>???__const__TEXT?J?__cstring__TEXTb?Kb?__unwind_info__TEXT??P???__DATA_CONST@@@@__auth_got__DATA_CONST(??	__got__DATA_CONSTH@H@H__LINKEDIT???@K4???3????
   P
    ؁ 
      /usr/lib/dyldKt?G2??ʺ0???2 

                                 ?*??(?=
                                        8d/usr/lib/libSystem.B.dylib&????H#????_??W??O??{?????????R?R?P ???????\??q`??T?q?T?q?T7?R???6?R???1?T ??K?q?T?q???	
?qAT'?szh????? ?R;?`5???6????RE?????9??C?????8?4?
P ??
P ? ?R??4????R0??s????$??R?#??{???? ?(X@?P ???R"?R
                                                  ? ?R??1?0@?
??1"?0@?
??1B?0@?
??1b?0@?
??1??0@?
??1??0@?
??1??0@?
??1??0@?
??1?0@?
?@(#)PROGRAM:hostname  PROJECT:shell_cmds-240.100.15
33333n@$FreeBSD$fsdsethostnamegethostnameusage: hostname [-f] [-s | -d] [name-of-host]
=44?>4
      <	?	?	?	?	?	?	?	?       ?     @
@ P|
    @
     @
      (BR^x???_err_exit_fwrite_gethostname_getopt_puts_sethostname_strchr_strlen___stderrp_optind__mh_execute_header?z?v<BEa#(.6CKSYfn	


	


__mh_execute_header___stderrp_err_exit_fwrite_gethostname_getopt_optind_puts_sethostname_strchr_strlenradr://5614542??
                                      ??$?3??
                                             ??X	?? 
+ז???apple.hostname??f??????xڡwDG7ݶ????$wG????G???b??6'
     ???ԁB????Xo??f????kOX?|?|z?ڽ?H?,????Xo??f????kOX?|?|z?ڽ?H?,????T]Xp@??S
Y??MA`??@-?H?Pk8?H?
                   ?????vIS3E^??xI[:1?R???Xo??f????kOX?|?|z?ڽ?H?,????Xo??f????kOX?|?|z?ڽ?H?,????Xo??f????kOX?|?|z?ڽ?H?,?)`?a?t?`粬?g??O?O?N/=pe?Q??
                                                                   D??
                                                                      0com.apple.hostname??
0b10???!*?H???	*?H??
   0	UUS10U

Apple Inc.1&0$U
261024173941Z01Apple Certification Authority10U
               0	UUS10U


Apple Inc.1&0$U

               Apple Certification Authority1301U
                                                 *Apple Code Signing Certificati?0?Autho*?H???"0
???q??
??]kY?Z?????9?#59H?!?'?? ?dk
                            ???P??[?]?Te?s/b?8?drm|iGa?&???,$?j????̬)L?Iy?uv?????LSx??v????2ʑ?????9????j??f? K?;-???Ɉ-i¤*a/ۇ?!?L????-?r?n????̣@??Q????-???YN]e3'?g??$?Ǉy?]????>?H?$?m?0????ȧ???#?8?_a?????0??0U??0U%
                                                  0
+0U?0?0U?i??wBN?VB?Q??? ?	0U#0?+?iG?v	??k?.@??G^06U/0-0+?)?'?%http://w?ps??Rj?ީ*ѝv??i?????+??]p??<ZHG?9l??s?b:ʣZ??%J???s?s]???~??????Xn????O??????r2??'ިә?j??a?O??g?0??
??D?????yA???kg|?lI?L??jn??\8?0??0?g(??yڟ?;Qb;"?~S|
                                                   ??M?ID??:[??鲷[R???X?r??̳?P???018?{y1?*?H???m????/?oR????D?p??&w?0??0??d????9?0
  0	UUS10U


Apple Inc.1&0$U

               Apple Certification Authority1301U
                                                 *Apple Code Signing Certificati261024173941Z0V1
                0	UUS10U


Apple Inc.10U

             Apple Software10U
?0?     *?H??                 Software Signing0?"0
??0?t?O?
        ??n1Tm	?<??9???`"]?䄢@A?d?`=?a?R?E'?,d???$
R:???Ax????x%???A??5?Q\??ѝq{?ɪK??ڏ?)?/?o??e??j?=hm?x¥/?2?~?]\?> ^????MA?J?k?EP?L?9_0???[0?W09????TR??/#Ve??*?Q?#?????՚??_??Glu?????z??bAt??4??Ztd9?Yn?,?`?)<??O_
            U?00U#0??i??wBN?VB?Q??? ?	0??U ??0??0??	*?H??cd0{0+0m
                                                                     kThis certificate is to be used exclusively for functions internal to Apple Products and/or Apple processes.0U%?
                     0
+05U.0,0*?(?&?$http://crl.apple.com/codesigning.crl0U??>J?.??ՠ?]???h50U??0	*?????6??f?s?#s????Z^?0O?%`?I1	R6??nJfW?U?????u?[?e??(??iJɩ??  ??~?bA?????H?q????>??>??g??؝:????I???:?M},?}Č?[d??o\5?^O??Nף??}????_7?$E??????L4????QX3`o??όV3u0b1kM??T*?H??k??U?xN???Xo?Q??UA?iUܣ???4?Lڂ??B?2?7??????5?rV?0??0???0
   0	UUS10U

Apple Inc.1&0$U
350209214036Z0b1pple Certification Authority10U
                0	UUS10U

Apple Inc.1&0$U
?0?le Ro*?H??0?"0ple Certification Authority10U
?䑩	??GP??^y?-?6?WLU????Kl??"0?>?P	?A?????f?$kУ????z
                                                         ?G?[?73??M?i??r?]?_??%??d5#KY???????P??XPg? ?ˬ, op??0??C??=?+I(??ε??^??=?:???
?b??q?GSU??/A????p??LE~LkP?A??tb                      ?!.t?<
                                ?A?3???0X?Z2?h???es?g^e?I?v?3e?w??-??z0?v0U?0U?0?0U+?iG?v	??k?.@??G^0U#0?+?iG?v	??k?.@??G^0?U 0?0?	*?H??cd0??0+https://www.apple.com/appleca/0?+0????Reliance on this certificate by any party assumes acceptance of the then applicable standard terms and conditions of use, cert?\6?L-x?팛??w??v?w0O????=G7?@?,Ա?ؾ?s???d?yO4آ>?x?k??}9??S ?8ı??O
k?+?Y?	|@Vtӷ?#;G??o$??ѷp?E?'??mx????~"5?%???kԢ$#????s?`?	/???DH?`8??=&g ?????/?Sj[d?c3w?:,V??!ںsO??6??U٧??2B???q?~?R??B$*??M?^c?K?P???????	7?uu!1??0??0??01
        0	UUS10U


Apple Inc.1&0$U

               Apple Certification Authority1301U
                                                 *Apple Code Signing Certification Autho1?He???09?0     *?H??
220212091" ??=M??E?+1,??1?u&c???h2??*f??0<	*?H??cd	1/0-	`?He ??=M??E?+1,??1?u&c???h2??*f??0?)	*?H??cd	1??<?xml version="1.0" encoding="UTF-8"?>
<!DOCTYPE plist PUBLIC "-//Apple//DTD PLIST 1.0//EN" "http://www.apple.com/DTDs/PropertyList-1.0.dtd">
<plist version="1.0">
<dict>
	<key>cdhashes</key>
	<array>
		<data>
		x+c9TczvRZErMSzj1TG8dSYZY6E=
		</data>
	</array>
</dict>
</plist>
0       *?H??
?t????
      ??+V&??#߽H?
                 ??}???Ʃ??1??n??`?u?٫ ~??><?D?/^)?\'(??Ok_5"?#?8?s??Kx	?V+?f?N)-??%.n?F?G?BG?x???
                  ?n??	??F??DPvj?????gY@Cz[(?&P?\@$?Q?Yaˁ?h7?%@=??
                                                                   ??f?|y}<??q<5??67?!?S???jYT??>??=<Y??Y????b??l?V:?%                                          kazuyoshimatsuoka@MacBookPro31421103 /bin % 
kazuyoshimatsuoka@MacBookPro31421103 /bin % 
kazuyoshimatsuoka@MacBookPro31421103 /bin % 
kazuyoshimatsuoka@MacBookPro31421103 /bin % 
kazuyoshimatsuoka@MacBookPro31421103 /bin % 
kazuyoshimatsuoka@MacBookPro31421103 /bin % 
kazuyoshimatsuoka@MacBookPro31421103 /bin % 
kazuyoshimatsuoka@MacBookPro31421103 /bin % 
kazuyoshimatsuoka@MacBookPro31421103 /bin % 
kazuyoshimatsuoka@MacBookPro31421103 /bin % 
kazuyoshimatsuoka@MacBookPro31421103 /bin % 
kazuyoshimatsuoka@MacBookPro31421103 /bin % 
kazuyoshimatsuoka@MacBookPro31421103 /bin % 
kazuyoshimatsuoka@MacBookPro31421103 /bin % 
kazuyoshimatsuoka@MacBookPro31421103 /bin % 
kazuyoshimatsuoka@MacBookPro31421103 /bin % 
kazuyoshimatsuoka@MacBookPro31421103 /bin % 
kazuyoshimatsuoka@MacBookPro31421103 /bin % 
kazuyoshimatsuoka@MacBookPro31421103 /bin % 
kazuyoshimatsuoka@MacBookPro31421103 /bin % 
kazuyoshimatsuoka@MacBookPro31421103 /bin % 
kazuyoshimatsuoka@MacBookPro31421103 /bin % 
kazuyoshimatsuoka@MacBookPro31421103 /bin % 
kazuyoshimatsuoka@MacBookPro31421103 /bin % cd /
kazuyoshimatsuoka@MacBookPro31421103 / % cd /Users 
kazuyoshimatsuoka@MacBookPro31421103 /Users % ls
Shared			kazuyoshimatsuoka
kazuyoshimatsuoka@MacBookPro31421103 /Users % cd /etc/profile 
cd: not a directory: /etc/profile
kazuyoshimatsuoka@MacBookPro31421103 /Users % cat /etc/profile
# System-wide .profile for sh(1)

if [ -x /usr/libexec/path_helper ]; then
	eval `/usr/libexec/path_helper -s`
fi

if [ "${BASH-no}" != "no" ]; then
	[ -r /etc/bashrc ] && . /etc/bashrc
fi
kazuyoshimatsuoka@MacBookPro31421103 /Users % cat /etc/bashrc 
# System-wide .bashrc file for interactive bash(1) shells.
if [ -z "$PS1" ]; then
   return
fi

PS1='\h:\W \u\$ '
# Make bash check its window size after a process completes
shopt -s checkwinsize

[ -r "/etc/bashrc_$TERM_PROGRAM" ] && . "/etc/bashrc_$TERM_PROGRAM"
kazuyoshimatsuoka@MacBookPro31421103 /Users % 
kazuyoshimatsuoka@MacBookPro31421103 /Users % 
kazuyoshimatsuoka@MacBookPro31421103 /Users % 
kazuyoshimatsuoka@MacBookPro31421103 /Users % echo $PATH
/opt/homebrew/bin:/opt/homebrew/sbin:/usr/local/bin:/usr/bin:/bin:/usr/sbin:/sbin:/opt/X11/bin
kazuyoshimatsuoka@MacBookPro31421103 /Users % cd
kazuyoshimatsuoka@MacBookPro31421103 ~ % 
kazuyoshimatsuoka@MacBookPro31421103 ~ % 
kazuyoshimatsuoka@MacBookPro31421103 ~ % ssh-add -K .ssh/id_rsa
WARNING: The -K and -A flags are deprecated and have been replaced
         by the --apple-use-keychain and --apple-load-keychain
         flags, respectively.  To suppress this warning, set the
         environment variable APPLE_SSH_ADD_BEHAVIOR as described in
         the ssh-add(1) manual page.
Enter passphrase for .ssh/id_rsa: 
Identity added: .ssh/id_rsa (kazuyoshimatsuoka@MacBookPro31421103.local)
kazuyoshimatsuoka@MacBookPro31421103 ~ % 
kazuyoshimatsuoka@MacBookPro31421103 ~ % 
kazuyoshimatsuoka@MacBookPro31421103 ~ % ssh-add -l            
3072 SHA256:uWddpr1cgL/mCg3Cacmhqe6OXe4vOM35S16u1SPD+TQ kazuyoshimatsuoka@MacBookPro31421103.local (RSA)
kazuyoshimatsuoka@MacBookPro31421103 ~ % 
kazuyoshimatsuoka@MacBookPro31421103 ~ % 
kazuyoshimatsuoka@MacBookPro31421103 ~ % 
